  CCNF_patch.cpp
e:\project\woodshark_sleep\sleepdetect\sleepdetect\Patch_experts.h(68): warning C4267: 'return': conversion from 'size_t' to 'int', possible loss of data
CCNF_patch.cpp(55): warning C4267: 'initializing': conversion from 'size_t' to 'int', possible loss of data
CCNF_patch.cpp(60): warning C4267: 'initializing': conversion from 'size_t' to 'int', possible loss of data
CCNF_patch.cpp(65): warning C4244: '=': conversion from 'double' to 'float', possible loss of data
CCNF_patch.cpp(173): warning C4244: '=': conversion from 'double' to 'float', possible loss of data
CCNF_patch.cpp(207): warning C4267: 'initializing': conversion from 'size_t' to 'int', possible loss of data
CCNF_patch.cpp(213): warning C4267: '=': conversion from 'size_t' to 'int', possible loss of data
CCNF_patch.cpp(267): warning C4267: '=': conversion from 'size_t' to 'int', possible loss of data
  detect_motion.cpp
  FaceDetect.cpp
e:\project\woodshark_sleep\sleepdetect\sleepdetect\Patch_experts.h(68): warning C4267: 'return': conversion from 'size_t' to 'int', possible loss of data
FaceDetect.cpp(128): warning C4838: conversion from 'double' to 'float' requires a narrowing conversion
FaceDetect.cpp(128): warning C4244: 'initializing': conversion from 'double' to 'float', possible loss of data
FaceDetect.cpp(161): warning C4267: 'return': conversion from 'size_t' to 'int', possible loss of data
  GazeEstimation.cpp
e:\project\woodshark_sleep\sleepdetect\sleepdetect\Patch_experts.h(68): warning C4267: 'return': conversion from 'size_t' to 'int', possible loss of data
GazeEstimation.cpp(46): warning C4244: 'argument': conversion from 'double' to 'float', possible loss of data
GazeEstimation.cpp(61): warning C4267: '=': conversion from 'size_t' to 'int', possible loss of data
GazeEstimation.cpp(65): warning C4267: '=': conversion from 'size_t' to 'int', possible loss of data
GazeEstimation.cpp(108): warning C4267: '=': conversion from 'size_t' to 'int', possible loss of data
GazeEstimation.cpp(112): warning C4267: '=': conversion from 'size_t' to 'int', possible loss of data
GazeEstimation.cpp(133): warning C4244: 'argument': conversion from 'double' to 'int', possible loss of data
GazeEstimation.cpp(137): warning C4244: 'argument': conversion from 'double' to 'int', possible loss of data
  LandmarkDetectionValidator.cpp
e:\project\woodshark_sleep\sleepdetect\sleepdetect\Patch_experts.h(68): warning C4267: 'return': conversion from 'size_t' to 'int', possible loss of data
LandmarkDetectionValidator.cpp(660): warning C4267: '=': conversion from 'size_t' to 'int', possible loss of data
  LandmarkDetectorFunc.cpp
e:\project\woodshark_sleep\sleepdetect\sleepdetect\Patch_experts.h(68): warning C4267: 'return': conversion from 'size_t' to 'int', possible loss of data
  LandmarkDetectorModel.cpp
e:\project\woodshark_sleep\sleepdetect\sleepdetect\Patch_experts.h(68): warning C4267: 'return': conversion from 'size_t' to 'int', possible loss of data
LandmarkDetectorModel.cpp(684): warning C4267: 'initializing': conversion from 'size_t' to 'int', possible loss of data
LandmarkDetectorModel.cpp(758): warning C4305: 'initializing': truncation from 'double' to 'float'
LandmarkDetectorModel.cpp(881): warning C4244: '=': conversion from 'double' to 'float', possible loss of data
LandmarkDetectorModel.cpp(893): warning C4244: '=': conversion from 'double' to 'float', possible loss of data
LandmarkDetectorModel.cpp(987): warning C4244: 'initializing': conversion from 'double' to 'float', possible loss of data
LandmarkDetectorModel.cpp(1081): warning C4244: '*=': conversion from 'double' to 'float', possible loss of data
  LandmarkDetectorParameters.cpp
  LandmarkDetectorUtils.cpp
e:\project\woodshark_sleep\sleepdetect\sleepdetect\Patch_experts.h(68): warning C4267: 'return': conversion from 'size_t' to 'int', possible loss of data
LandmarkDetectorUtils.cpp(188): warning C4267: 'initializing': conversion from 'size_t' to 'int', possible loss of data
LandmarkDetectorUtils.cpp(247): warning C4267: 'initializing': conversion from 'size_t' to 'int', possible loss of data
LandmarkDetectorUtils.cpp(437): warning C4267: 'initializing': conversion from 'size_t' to 'int', possible loss of data
LandmarkDetectorUtils.cpp(1335): warning C4267: 'initializing': conversion from 'size_t' to 'int', possible loss of data
LandmarkDetectorUtils.cpp(1317): warning C4996: 'localtime': This function or variable may be unsafe. Consider using localtime_s instead. To disable deprecation, use _CRT_SECURE_NO_WARNINGS. See online help for details.
  C:\Program Files (x86)\Windows Kits\10\Include\10.0.10240.0\ucrt\time.h(505): note: see declaration of 'localtime'
LandmarkDetectorUtils.cpp(1562): warning C4244: '=': conversion from 'double' to 'int', possible loss of data
LandmarkDetectorUtils.cpp(1694): warning C4554: '&': check operator precedence for possible error; use parentheses to clarify precedence
LandmarkDetectorUtils.cpp(1832): warning C4554: '&': check operator precedence for possible error; use parentheses to clarify precedence
LandmarkDetectorUtils.cpp(1928): warning C4244: '+=': conversion from 'double' to 'int', possible loss of data
LandmarkDetectorUtils.cpp(1931): warning C4244: 'argument': conversion from 'double' to 'const int', possible loss of data
LandmarkDetectorUtils.cpp(1942): warning C4244: '+=': conversion from 'double' to 'int', possible loss of data
LandmarkDetectorUtils.cpp(1973): warning C4244: 'argument': conversion from 'double' to 'int', possible loss of data
LandmarkDetectorUtils.cpp(1977): warning C4244: 'argument': conversion from 'double' to 'int', possible loss of data
LandmarkDetectorUtils.cpp(1978): warning C4244: 'argument': conversion from 'double' to 'int', possible loss of data
LandmarkDetectorUtils.cpp(1979): warning C4244: 'argument': conversion from 'double' to 'int', possible loss of data
LandmarkDetectorUtils.cpp(1981): warning C4244: 'argument': conversion from 'double' to 'int', possible loss of data
LandmarkDetectorUtils.cpp(1984): warning C4244: 'argument': conversion from 'double' to 'int', possible loss of data
LandmarkDetectorUtils.cpp(2017): warning C4244: 'argument': conversion from 'double' to 'int', possible loss of data
LandmarkDetectorUtils.cpp(2018): warning C4244: 'argument': conversion from 'double' to 'int', possible loss of data
LandmarkDetectorUtils.cpp(2019): warning C4244: 'argument': conversion from 'double' to 'int', possible loss of data
LandmarkDetectorUtils.cpp(2021): warning C4244: 'argument': conversion from 'double' to 'int', possible loss of data
LandmarkDetectorUtils.cpp(2024): warning C4244: 'argument': conversion from 'double' to 'int', possible loss of data
LandmarkDetectorUtils.cpp(2067): warning C4244: 'argument': conversion from 'double' to 'int', possible loss of data
LandmarkDetectorUtils.cpp(2069): warning C4244: 'argument': conversion from 'double' to 'int', possible loss of data
LandmarkDetectorUtils.cpp(2071): warning C4244: 'argument': conversion from 'double' to 'int', possible loss of data
LandmarkDetectorUtils.cpp(2073): warning C4244: 'argument': conversion from 'double' to 'int', possible loss of data
LandmarkDetectorUtils.cpp(2086): warning C4244: 'argument': conversion from 'double' to 'int', possible loss of data
LandmarkDetectorUtils.cpp(2088): warning C4244: 'argument': conversion from 'double' to 'int', possible loss of data
LandmarkDetectorUtils.cpp(2222): warning C4244: 'argument': conversion from 'double' to 'int', possible loss of data
LandmarkDetectorUtils.cpp(2224): warning C4244: 'argument': conversion from 'double' to 'int', possible loss of data
LandmarkDetectorUtils.cpp(2242): warning C4244: 'argument': conversion from 'double' to 'int', possible loss of data
LandmarkDetectorUtils.cpp(2245): warning C4244: 'argument': conversion from 'double' to 'int', possible loss of data
LandmarkDetectorUtils.cpp(2250): warning C4244: 'argument': conversion from 'double' to 'int', possible loss of data
LandmarkDetectorUtils.cpp(2252): warning C4244: 'argument': conversion from 'double' to 'int', possible loss of data
LandmarkDetectorUtils.cpp(2314): warning C4244: 'argument': conversion from 'double' to 'int', possible loss of data
LandmarkDetectorUtils.cpp(2316): warning C4244: 'argument': conversion from 'double' to 'int', possible loss of data
LandmarkDetectorUtils.cpp(2335): warning C4244: '=': conversion from 'double' to 'int', possible loss of data
LandmarkDetectorUtils.cpp(2342): warning C4244: '=': conversion from 'double' to 'int', possible loss of data
LandmarkDetectorUtils.cpp(2188): warning C4996: 'localtime': This function or variable may be unsafe. Consider using localtime_s instead. To disable deprecation, use _CRT_SECURE_NO_WARNINGS. See online help for details.
  C:\Program Files (x86)\Windows Kits\10\Include\10.0.10240.0\ucrt\time.h(505): note: see declaration of 'localtime'
LandmarkDetectorUtils.cpp(2671): warning C4244: 'argument': conversion from 'double' to 'int', possible loss of data
LandmarkDetectorUtils.cpp(2738): warning C4267: '=': conversion from 'size_t' to 'int', possible loss of data
LandmarkDetectorUtils.cpp(2948): warning C4267: 'initializing': conversion from 'size_t' to 'int', possible loss of data
  video_decoder.cpp
  main.cpp
  Patch_experts.cpp
e:\project\woodshark_sleep\sleepdetect\sleepdetect\Patch_experts.h(68): warning C4267: 'return': conversion from 'size_t' to 'int', possible loss of data
Patch_experts.cpp(281): warning C4267: 'initializing': conversion from 'size_t' to 'int', possible loss of data
Patch_experts.cpp(297): warning C4267: 'initializing': conversion from 'size_t' to 'int', possible loss of data
Patch_experts.cpp(317): warning C4267: 'initializing': conversion from 'size_t' to 'int', possible loss of data
Patch_experts.cpp(318): warning C4267: 'initializing': conversion from 'size_t' to 'int', possible loss of data
Patch_experts.cpp(348): warning C4267: 'initializing': conversion from 'size_t' to 'int', possible loss of data
Patch_experts.cpp(349): warning C4267: 'initializing': conversion from 'size_t' to 'int', possible loss of data
  PAW.cpp
e:\project\woodshark_sleep\sleepdetect\sleepdetect\Patch_experts.h(68): warning C4267: 'return': conversion from 'size_t' to 'int', possible loss of data
PAW.cpp(422): warning C4267: 'initializing': conversion from 'size_t' to 'int', possible loss of data
  PDM.cpp
e:\project\woodshark_sleep\sleepdetect\sleepdetect\Patch_experts.h(68): warning C4267: 'return': conversion from 'size_t' to 'int', possible loss of data
PDM.cpp(76): warning C4244: '=': conversion from 'double' to 'float', possible loss of data
PDM.cpp(80): warning C4244: '=': conversion from 'double' to 'float', possible loss of data
  Source.cpp
  stdafx.cpp
  SVR_patch.cpp
e:\project\woodshark_sleep\sleepdetect\sleepdetect\Patch_experts.h(68): warning C4267: 'return': conversion from 'size_t' to 'int', possible loss of data
SVR_patch.cpp(159): warning C4244: '=': conversion from 'double' to 'float', possible loss of data
SVR_patch.cpp(226): warning C4244: '=': conversion from 'double' to 'float', possible loss of data
  1_Testthread.cpp
e:\project\woodshark_sleep\sleepdetect\sleepdetect\Patch_experts.h(68): warning C4267: 'return': conversion from 'size_t' to 'int', possible loss of data
  TestThread.cpp
TestThread.cpp(2): warning C4067: unexpected tokens following preprocessor directive - expected a newline
e:\project\woodshark_sleep\sleepdetect\sleepdetect\Patch_experts.h(68): warning C4267: 'return': conversion from 'size_t' to 'int', possible loss of data
TestThread.cpp(81): warning C4244: '*=': conversion from 'double' to 'float', possible loss of data
TestThread.cpp(85): warning C4244: 'argument': conversion from 'double' to 'unsigned __int64', possible loss of data
TestThread.cpp(89): warning C4244: 'argument': conversion from 'double' to 'unsigned __int64', possible loss of data
TestThread.cpp(93): warning C4244: 'initializing': conversion from 'double' to 'float', possible loss of data
TestThread.cpp(96): warning C4244: '=': conversion from 'double' to 'float', possible loss of data
  Generating code
e:\project\woodshark_sleep\sleepdetect\sleepdetect\testthread.cpp(382): warning C4700: uninitialized local variable 'k' used
  All 6044 functions were compiled because no usable IPDB/IOBJ from previous compilation was found.
  Finished generating code
  SleepDetect.vcxproj -> E:\Project\WoodShark_Sleep\SleepDetect\x64\Release\SleepDetect.exe
  SleepDetect.vcxproj -> E:\Project\WoodShark_Sleep\SleepDetect\x64\Release\SleepDetect.pdb (Full PDB)
